<?xml version="1.0" encoding="UTF-8"?>
<!-- Generated by org.testng.reporters.JUnitReportReporter -->
<testsuite hostname="LAPTOP-6HL9QNBF" failures="0" tests="2" name="Test_Package.Module_4" time="0.002" errors="0" timestamp="2022-08-24T14:52:27 IST" skipped="0">
  <testcase classname="Test_Package.Module_4" name="Module4_tc1" time="0.001"/>
  <system-out/>
  <testcase classname="Test_Package.Module_4" name="Module4_tc2" time="0.001"/>
  <system-out/>
</testsuite> <!-- Test_Package.Module_4 -->
